Added Component: Designator=C1(CAPC0603)
Add component (AddParameter): Name = "Supplier 1"; Value = "Digi-Key"; VariantName = "[No Variations]"
Add component (AddParameter): Name = "Supplier Part Number 1"; Value = "1276-1000-1-ND"; VariantName = "[No Variations]"
Add component (AddParameter): Name = "Value"; Value = "100nF"; VariantName = "[No Variations]"
Added Component: Designator=J1(1x3 2.54MM)
Added Component: Designator=J2(1x3 2.54MM)
Added Component: Designator=J3(1x3 2.54MM)
Added Component: Designator=J4(1x3 2.54MM)
Added Component: Designator=J5(1x3 2.54MM)
Added Component: Designator=J6(1x3 2.54MM)
Added Component: Designator=J7(1x4 2.54mm)
Added Pin To Net: NetName=3V3 Pin=C1-1
Added Net: Name=3V3
Added Pin To Net: NetName=5V Pin=J7-2
Added Net: Name=5V
Added Net: Name=AUTO_SIG
Added Pin To Net: NetName=DOOR Pin=J4-1
Added Net: Name=DOOR
Added Pin To Net: NetName=EN Pin=J1-1
Added Net: Name=EN
Added Pin To Net: NetName=GND Pin=C1-2
Added Pin To Net: NetName=GND Pin=J1-3
Added Pin To Net: NetName=GND Pin=J2-3
Added Pin To Net: NetName=GND Pin=J3-3
Added Pin To Net: NetName=GND Pin=J4-3
Added Pin To Net: NetName=GND Pin=J5-3
Added Pin To Net: NetName=GND Pin=J6-1
Added Pin To Net: NetName=GND Pin=J6-3
Added Pin To Net: NetName=GND Pin=J7-1
Added Net: Name=GND
Added Pin To Net: NetName=MECH Pin=J3-1
Added Net: Name=MECH
Added Pin To Net: NetName=RX Pin=J7-4
Added Net: Name=RX
Added Net: Name=SEL
Added Pin To Net: NetName=SERVO_VCC Pin=J1-2
Added Pin To Net: NetName=SERVO_VCC Pin=J2-2
Added Pin To Net: NetName=SERVO_VCC Pin=J3-2
Added Pin To Net: NetName=SERVO_VCC Pin=J4-2
Added Pin To Net: NetName=SERVO_VCC Pin=J5-2
Added Net: Name=SERVO_VCC
Added Pin To Net: NetName=STOPPER Pin=J5-1
Added Net: Name=STOPPER
Added Pin To Net: NetName=TRIG Pin=J2-1
Added Net: Name=TRIG
Added Pin To Net: NetName=TX Pin=J7-3
Added Net: Name=TX
Added Pin To Net: NetName=VBAT Pin=J6-2
Added Net: Name=VBAT
Added Class: Name=control_board
