Change Component Description : Designator=J6 Old Description=Pinout for a servo connector; used for PWR connection, GND sig pin New Description=Pinout for a servo connector
Added Component: Designator=U1(MOUDLE14P-2-54-21X17-8MM)
Add component (AddParameter): Name = "DeviceName"; Value = ""; VariantName = "[No Variations]"
Add component (AddParameter): Name = "DeviceSetName"; Value = "MOUDLE-SEEEDUINO-XIAO"; VariantName = "[No Variations]"
Add component (AddParameter): Name = "GateName_1"; Value = "G$1"; VariantName = "[No Variations]"
Add component (AddParameter): Name = "LibraryName"; Value = "Seeeduino XIAO"; VariantName = "[No Variations]"
Add component (AddParameter): Name = "Package"; Value = "MOUDLE14P-2.54-21X17.8MM"; VariantName = "[No Variations]"
Add component (AddParameter): Name = "SymbolName_1"; Value = "MOUDLE-SEEEDUINO-XIAO"; VariantName = "[No Variations]"
Added Component: Designator=U2(CONV_TSR1-2450)
Add component (AddParameter): Name = "Availability"; Value = "Warning"; VariantName = "[No Variations]"
Add component (AddParameter): Name = "Check_prices"; Value = "https://www.snapeda.com/parts/TSR%201-2450/Traco%20Power/view-part/5846336/?ref=eda"; VariantName = "[No Variations]"
Add component (AddParameter): Name = "MF"; Value = "Traco Power"; VariantName = "[No Variations]"
Add component (AddParameter): Name = "MP"; Value = "TSR 1-2450"; VariantName = "[No Variations]"
Add component (AddParameter): Name = "Package"; Value = "SIP-3 Tracopower"; VariantName = "[No Variations]"
Add component (AddParameter): Name = "Price"; Value = "None"; VariantName = "[No Variations]"
Add component (AddParameter): Name = "Purchase-URL"; Value = "https://pricing.snapeda.com/search/part/TSR 1-2450/?ref=eda"; VariantName = "[No Variations]"
Add component (AddParameter): Name = "SnapEDA_Link"; Value = "https://www.snapeda.com/parts/TSR%201-2450/Traco%20Power/view-part/5846336/?ref=snap"; VariantName = "[No Variations]"
Add component (AddParameter): Name = "Value"; Value = ""; VariantName = "[No Variations]"
Added Component: Designator=U3(SOT23-6)
Added Pin To Net: NetName=EN Pin=U1-1
Added Pin To Net: NetName=TRIG Pin=U1-2
Added Pin To Net: NetName=DOOR Pin=U1-3
Added Pin To Net: NetName=STOPPER Pin=U1-4
Added Pin To Net: NetName=AUTO_SIG Pin=U1-5
Added Pin To Net: NetName=SEL Pin=U1-6
Added Pin To Net: NetName=TX Pin=U1-7
Added Pin To Net: NetName=RX Pin=U1-8
Added Pin To Net: NetName=3V3 Pin=U1-12
Added Pin To Net: NetName=GND Pin=U1-13
Added Pin To Net: NetName=5V Pin=U1-14
Added Pin To Net: NetName=VBAT Pin=U2-1
Added Pin To Net: NetName=GND Pin=U2-2
Added Pin To Net: NetName=5V Pin=U2-3
Added Pin To Net: NetName=AUTO_SIG Pin=U3-1
Added Pin To Net: NetName=GND Pin=U3-2
Added Pin To Net: NetName=TRIG Pin=U3-3
Added Pin To Net: NetName=MECH Pin=U3-4
Added Pin To Net: NetName=3V3 Pin=U3-5
Added Pin To Net: NetName=SEL Pin=U3-6
Added Member To Class: ClassName=control_board Member=Component U1 MOUDLE-SEEEDUINO-XIAO
Added Member To Class: ClassName=control_board Member=Component U2 TSR1-2450
Added Member To Class: ClassName=control_board Member=Component U3 TS5A3159DBVR
